android-client-app-sample2/app/build/intermediates/manifest_merge_blame_file/release/manifest-merger-blame-release-report.txt
1<?xml version="1.0" encoding="utf-8"?>
2<!--
3 Copyright (c) 2018, WSO2 Inc. (http://www.wso2.org) All Rights Reserved.
4
5 Licensed under the Apache License, Version 2.0 (the "License");
6 you may not use this file except in compliance with the License.
7 You may obtain a copy of the License at
8
9 http://www.apache.org/licenses/LICENSE-2.0
10
11 Unless required by applicable law or agreed to in writing, software
12 distributed under the License is distributed on an "AS IS" BASIS,
13 WITHOUT WARRANTIES OR CONDITIONS OF ANY KIND, either express or implied.
14 See the License for the specific language governing permissions and
15 limitations under the License.
16-->
17<manifest xmlns:android="http://schemas.android.com/apk/res/android"
18    package="com.wso2is.androidsample2"
19    android:versionCode="1"
20    android:versionName="1.0" >
21
22    <uses-sdk
23        android:minSdkVersion="16"
23-->src/main/AndroidManifest.xml
24        android:targetSdkVersion="28" />
24-->src/main/AndroidManifest.xml
25
26    <uses-permission android:name="android.permission.INTERNET" />
26-->src/main/AndroidManifest.xml:22:5-66
26-->src/main/AndroidManifest.xml:22:22-64
27    <uses-permission android:name="android.permission.ACCESS_NETWORK_STATE" />
27-->src/main/AndroidManifest.xml:23:5-78
27-->src/main/AndroidManifest.xml:23:22-76
28
29    <meta-data
29-->[com.android.support:customtabs:25.3.1] AndroidManifest.xml:22:5-24:34
30        android:name="android.support.VERSION"
30-->[com.android.support:customtabs:25.3.1] AndroidManifest.xml:23:9-47
31        android:value="25.3.1" />
31-->[com.android.support:customtabs:25.3.1] AndroidManifest.xml:24:9-31
32
33    <application
33-->src/main/AndroidManifest.xml:25:5-57:19
34        android:allowBackup="true"
34-->src/main/AndroidManifest.xml:26:13-39
35        android:appComponentFactory="android.support.v4.app.CoreComponentFactory"
35-->[com.android.support:support-compat:28.0.0-rc01] AndroidManifest.xml:22:18-91
36        android:fullBackupContent="true"
36-->src/main/AndroidManifest.xml:27:13-45
37        android:icon="@drawable/sampleappicon"
37-->src/main/AndroidManifest.xml:28:13-51
38        android:label="PICKUP2"
38-->src/main/AndroidManifest.xml:29:13-36
39        android:networkSecurityConfig="@xml/network_security_config"
39-->src/main/AndroidManifest.xml:33:13-73
40        android:roundIcon="@mipmap/ic_launcher_round"
40-->src/main/AndroidManifest.xml:30:13-58
41        android:supportsRtl="true"
41-->src/main/AndroidManifest.xml:31:13-39
42        android:theme="@style/AppTheme" >
42-->src/main/AndroidManifest.xml:32:13-44
43        <activity android:name="com.wso2is.androidsample2.activities.LoginActivity" >
43-->src/main/AndroidManifest.xml:34:9-40:20
43-->src/main/AndroidManifest.xml:34:19-84
44            <intent-filter>
44-->src/main/AndroidManifest.xml:35:13-39:29
45                <action android:name="android.intent.action.MAIN" />
45-->src/main/AndroidManifest.xml:36:17-68
45-->src/main/AndroidManifest.xml:36:25-66
46
47                <category android:name="android.intent.category.LAUNCHER" />
47-->src/main/AndroidManifest.xml:38:17-76
47-->src/main/AndroidManifest.xml:38:27-74
48            </intent-filter>
49        </activity>
50        <activity
50-->src/main/AndroidManifest.xml:41:9-50:20
51            android:name="net.openid.appauth.RedirectUriReceiverActivity"
51-->src/main/AndroidManifest.xml:41:19-80
52            android:exported="true" >
52-->[net.openid:appauth:0.7.0] AndroidManifest.xml:34:13-36
53            <intent-filter>
53-->src/main/AndroidManifest.xml:42:13-49:29
54                <action android:name="android.intent.action.VIEW" />
54-->src/main/AndroidManifest.xml:43:17-68
54-->src/main/AndroidManifest.xml:43:25-66
55
56                <category android:name="android.intent.category.DEFAULT" />
56-->src/main/AndroidManifest.xml:45:17-75
56-->src/main/AndroidManifest.xml:45:27-73
57                <category android:name="android.intent.category.BROWSABLE" />
57-->src/main/AndroidManifest.xml:46:17-77
57-->src/main/AndroidManifest.xml:46:27-75
58
59                <data android:scheme="com.wso2is.androidsample://oauth" />
59-->src/main/AndroidManifest.xml:48:17-74
59-->src/main/AndroidManifest.xml:48:23-72
60            </intent-filter>
61            <intent-filter>
61-->[net.openid:appauth:0.7.0] AndroidManifest.xml:35:13-42:29
62                <action android:name="android.intent.action.VIEW" />
62-->src/main/AndroidManifest.xml:43:17-68
62-->src/main/AndroidManifest.xml:43:25-66
63
64                <category android:name="android.intent.category.DEFAULT" />
64-->src/main/AndroidManifest.xml:45:17-75
64-->src/main/AndroidManifest.xml:45:27-73
65                <category android:name="android.intent.category.BROWSABLE" />
65-->src/main/AndroidManifest.xml:46:17-77
65-->src/main/AndroidManifest.xml:46:27-75
66
67                <data android:scheme="com.wso2is.androidsample2" />
67-->src/main/AndroidManifest.xml:48:17-74
67-->src/main/AndroidManifest.xml:48:23-72
68            </intent-filter>
69        </activity>
70        <activity
70-->src/main/AndroidManifest.xml:51:9-55:50
71            android:name="com.wso2is.androidsample2.activities.UserActivity"
71-->src/main/AndroidManifest.xml:52:17-81
72            android:icon="@drawable/wso2logo_round"
72-->src/main/AndroidManifest.xml:53:17-56
73            android:label="@string/app_name"
73-->src/main/AndroidManifest.xml:54:17-49
74            android:launchMode="singleTask" />
74-->src/main/AndroidManifest.xml:55:17-48
75
76        <meta-data
76-->src/main/AndroidManifest.xml:56:9-94
77            android:name="preloaded_fonts"
77-->src/main/AndroidManifest.xml:56:20-50
78            android:resource="@array/preloaded_fonts" />
78-->src/main/AndroidManifest.xml:56:51-92
79
80        <activity
80-->[net.openid:appauth:0.7.0] AndroidManifest.xml:27:9-31:75
81            android:name="net.openid.appauth.AuthorizationManagementActivity"
81-->[net.openid:appauth:0.7.0] AndroidManifest.xml:28:13-78
82            android:exported="false"
82-->[net.openid:appauth:0.7.0] AndroidManifest.xml:29:13-37
83            android:launchMode="singleTask"
83-->[net.openid:appauth:0.7.0] AndroidManifest.xml:30:13-44
84            android:theme="@android:style/Theme.Translucent.NoTitleBar" />
84-->[net.openid:appauth:0.7.0] AndroidManifest.xml:31:13-72
85    </application>
86
87</manifest>